<?xml version="1.0" encoding="UTF-8"?>
<!-- Generated by org.testng.reporters.JUnitXMLReporter -->
<testsuite ignored="0" hostname="AUM" failures="0" tests="4" name="Surefire test" time="25.874" errors="0" timestamp="11 Apr 2020 10:51:06 GMT">
  <testcase classname="com.demo.nopcommerce.testsuite.LoginTest" name="verifyUserShouldNavigateToLoginPage" time="3.403"/>
  <testcase classname="com.demo.nopcommerce.TesstNG.TestNGDemo" name="test1" time="0.0"/>
  <testcase classname="com.demo.nopcommerce.TesstNG.TestNGDemo" name="test2" time="0.0"/>
  <testcase classname="com.demo.nopcommerce.TesstNG.TestNGDemo" name="test3" time="0.0"/>
</testsuite> <!-- Surefire test -->
