<?xml version="1.0" encoding="UTF-8"?>
<testng-results ignored="0" total="4" passed="4" failed="0" skipped="0">
  <reporter-output>
  </reporter-output>
  <suite started-at="2020-04-11T10:50:40Z" name="Surefire suite" finished-at="2020-04-11T10:51:06Z" duration-ms="25874">
    <groups>
    </groups>
    <test started-at="2020-04-11T10:50:40Z" name="Surefire test" finished-at="2020-04-11T10:51:06Z" duration-ms="25874">
      <class name="com.demo.nopcommerce.testsuite.LoginTest">
        <test-method is-config="true" signature="openBrowser()[pri:0, instance:com.demo.nopcommerce.testsuite.LoginTest@3e58a80e]" started-at="2020-04-11T10:50:40Z" name="openBrowser" finished-at="2020-04-11T10:51:00Z" duration-ms="20220" status="PASS">
          <reporter-output>
          </reporter-output>
        </test-method> <!-- openBrowser -->
        <test-method signature="verifyUserShouldNavigateToLoginPage()[pri:0, instance:com.demo.nopcommerce.testsuite.LoginTest@3e58a80e]" started-at="2020-04-11T10:51:00Z" name="verifyUserShouldNavigateToLoginPage" finished-at="2020-04-11T10:51:04Z" duration-ms="3403" status="PASS">
          <reporter-output>
          </reporter-output>
        </test-method> <!-- verifyUserShouldNavigateToLoginPage -->
        <test-method is-config="true" signature="tearDown()[pri:0, instance:com.demo.nopcommerce.testsuite.LoginTest@3e58a80e]" started-at="2020-04-11T10:51:04Z" name="tearDown" finished-at="2020-04-11T10:51:06Z" duration-ms="2058" status="PASS">
          <reporter-output>
          </reporter-output>
        </test-method> <!-- tearDown -->
      </class> <!-- com.demo.nopcommerce.testsuite.LoginTest -->
      <class name="com.demo.nopcommerce.TesstNG.TestNGDemo">
        <test-method is-config="true" signature="beforeTest()[pri:0, instance:com.demo.nopcommerce.TesstNG.TestNGDemo@6b927fb]" started-at="2020-04-11T10:50:40Z" name="beforeTest" finished-at="2020-04-11T10:50:40Z" duration-ms="135" status="PASS">
          <reporter-output>
          </reporter-output>
        </test-method> <!-- beforeTest -->
        <test-method is-config="true" signature="beforeMethod()[pri:0, instance:com.demo.nopcommerce.TesstNG.TestNGDemo@6b927fb]" started-at="2020-04-11T10:51:06Z" name="beforeMethod" finished-at="2020-04-11T10:51:06Z" duration-ms="1" status="PASS">
          <reporter-output>
          </reporter-output>
        </test-method> <!-- beforeMethod -->
        <test-method is-config="true" signature="afterMethod()[pri:0, instance:com.demo.nopcommerce.TesstNG.TestNGDemo@6b927fb]" started-at="2020-04-11T10:51:06Z" name="afterMethod" finished-at="2020-04-11T10:51:06Z" duration-ms="1" status="PASS">
          <reporter-output>
          </reporter-output>
        </test-method> <!-- afterMethod -->
        <test-method signature="test1()[pri:0, instance:com.demo.nopcommerce.TesstNG.TestNGDemo@6b927fb]" started-at="2020-04-11T10:51:06Z" name="test1" finished-at="2020-04-11T10:51:06Z" duration-ms="0" status="PASS">
          <reporter-output>
          </reporter-output>
        </test-method> <!-- test1 -->
        <test-method signature="test2()[pri:0, instance:com.demo.nopcommerce.TesstNG.TestNGDemo@6b927fb]" started-at="2020-04-11T10:51:06Z" name="test2" finished-at="2020-04-11T10:51:06Z" duration-ms="0" status="PASS">
          <reporter-output>
          </reporter-output>
        </test-method> <!-- test2 -->
        <test-method is-config="true" signature="beforeMethod()[pri:0, instance:com.demo.nopcommerce.TesstNG.TestNGDemo@6b927fb]" started-at="2020-04-11T10:51:06Z" name="beforeMethod" finished-at="2020-04-11T10:51:06Z" duration-ms="0" status="PASS">
          <reporter-output>
          </reporter-output>
        </test-method> <!-- beforeMethod -->
        <test-method is-config="true" signature="afterMethod()[pri:0, instance:com.demo.nopcommerce.TesstNG.TestNGDemo@6b927fb]" started-at="2020-04-11T10:51:06Z" name="afterMethod" finished-at="2020-04-11T10:51:06Z" duration-ms="0" status="PASS">
          <reporter-output>
          </reporter-output>
        </test-method> <!-- afterMethod -->
        <test-method signature="test3()[pri:0, instance:com.demo.nopcommerce.TesstNG.TestNGDemo@6b927fb]" started-at="2020-04-11T10:51:06Z" name="test3" finished-at="2020-04-11T10:51:06Z" duration-ms="0" status="PASS">
          <reporter-output>
          </reporter-output>
        </test-method> <!-- test3 -->
        <test-method is-config="true" signature="beforeMethod()[pri:0, instance:com.demo.nopcommerce.TesstNG.TestNGDemo@6b927fb]" started-at="2020-04-11T10:51:06Z" name="beforeMethod" finished-at="2020-04-11T10:51:06Z" duration-ms="0" status="PASS">
          <reporter-output>
          </reporter-output>
        </test-method> <!-- beforeMethod -->
        <test-method is-config="true" signature="afterMethod()[pri:0, instance:com.demo.nopcommerce.TesstNG.TestNGDemo@6b927fb]" started-at="2020-04-11T10:51:06Z" name="afterMethod" finished-at="2020-04-11T10:51:06Z" duration-ms="0" status="PASS">
          <reporter-output>
          </reporter-output>
        </test-method> <!-- afterMethod -->
        <test-method is-config="true" signature="afterTest()[pri:0, instance:com.demo.nopcommerce.TesstNG.TestNGDemo@6b927fb]" started-at="2020-04-11T10:51:06Z" name="afterTest" finished-at="2020-04-11T10:51:06Z" duration-ms="0" status="PASS">
          <reporter-output>
          </reporter-output>
        </test-method> <!-- afterTest -->
      </class> <!-- com.demo.nopcommerce.TesstNG.TestNGDemo -->
    </test> <!-- Surefire test -->
  </suite> <!-- Surefire suite -->
</testng-results>
